{
  "Cucumber Features": {
    "coverage": {
      "/home/ec2-user/environment/V5.0/ProjectCloset/app/controllers/static_pages_controller.rb": [
        1,
        1,
        null,
        null,
        1,
        null,
        null
      ],
      "/home/ec2-user/environment/V5.0/ProjectCloset/app/controllers/application_controller.rb": [
        1,
        1,
        1,
        1,
        null,
        null,
        null
      ],
      "/home/ec2-user/environment/V5.0/ProjectCloset/app/helpers/application_helper.rb": [
        1,
        null
      ],
      "/home/ec2-user/environment/V5.0/ProjectCloset/app/helpers/admins_helper.rb": [
        1,
        null,
        null
      ],
      "/home/ec2-user/environment/V5.0/ProjectCloset/app/helpers/adminsession_helper.rb": [
        1,
        null,
        1,
        5,
        null,
        null,
        1,
        158,
        40,
        118,
        0,
        0,
        0,
        0,
        null,
        null,
        null,
        null,
        null,
        1,
        131,
        null,
        null,
        1,
        1,
        1,
        1,
        null,
        null,
        1,
        4,
        4,
        4,
        null,
        null,
        1,
        1,
        1,
        1,
        null,
        null,
        1,
        0,
        null,
        null
      ],
      "/home/ec2-user/environment/V5.0/ProjectCloset/app/helpers/appointments_helper.rb": [
        1,
        1,
        0,
        null,
        null,
        1,
        3,
        3,
        3,
        3,
        null,
        null,
        1,
        3,
        1,
        null,
        null,
        null,
        1,
        1,
        1,
        1,
        1,
        null,
        null
      ],
      "/home/ec2-user/environment/V5.0/ProjectCloset/app/helpers/histories_helper.rb": [
        1,
        null,
        1,
        0,
        null,
        null,
        1,
        1,
        1,
        1,
        1,
        1,
        1,
        null,
        null,
        null,
        1,
        1,
        0,
        null,
        null,
        null,
        1,
        0,
        0,
        0,
        0,
        0,
        0,
        null,
        0,
        null,
        0,
        null,
        null
      ],
      "/home/ec2-user/environment/V5.0/ProjectCloset/app/helpers/password_resets_helper.rb": [
        1,
        null
      ],
      "/home/ec2-user/environment/V5.0/ProjectCloset/app/helpers/renters_helper.rb": [
        1,
        null,
        1,
        0,
        null,
        null,
        1,
        10,
        10,
        10,
        10,
        10,
        10,
        10,
        null,
        null,
        null,
        1,
        10,
        11,
        null,
        null,
        null,
        1,
        11,
        11,
        11,
        11,
        11,
        11,
        11,
        null,
        null
      ],
      "/home/ec2-user/environment/V5.0/ProjectCloset/app/helpers/session_helper.rb": [
        1,
        null,
        null,
        1,
        3,
        null,
        null,
        null,
        1,
        150,
        39,
        111,
        0,
        0,
        0,
        0,
        null,
        null,
        null,
        null,
        1,
        120,
        null,
        null,
        1,
        1,
        1,
        1,
        null,
        null,
        1,
        0,
        0,
        0,
        null,
        null,
        1,
        3,
        3,
        3,
        null,
        null,
        1,
        0,
        null,
        null,
        null
      ],
      "/home/ec2-user/environment/V5.0/ProjectCloset/app/helpers/static_pages_helper.rb": [
        1,
        null
      ],
      "/home/ec2-user/environment/V5.0/ProjectCloset/app/helpers/suits_helper.rb": [
        1,
        null,
        1,
        0,
        null,
        null,
        1,
        13,
        13,
        13,
        13,
        13,
        13,
        null,
        null,
        1,
        13,
        8,
        null,
        null,
        null,
        1,
        8,
        8,
        8,
        8,
        8,
        8,
        null,
        0,
        null,
        8,
        8,
        null,
        null,
        null
      ],
      "/home/ec2-user/environment/V5.0/ProjectCloset/app/helpers/users_helper.rb": [
        1,
        1,
        0,
        null,
        null,
        1,
        144,
        null,
        null,
        1,
        1,
        1,
        1,
        1,
        1,
        1,
        null,
        null,
        1,
        1,
        2,
        null,
        null,
        null,
        1,
        2,
        2,
        2,
        2,
        2,
        2,
        null,
        null
      ],
      "/home/ec2-user/environment/V5.0/ProjectCloset/app/controllers/adminsession_controller.rb": [
        1,
        1,
        null,
        null,
        1,
        5,
        null,
        5,
        4,
        4,
        4,
        null,
        1,
        1,
        null,
        null,
        null,
        1,
        1,
        1,
        null,
        null,
        null
      ],
      "/home/ec2-user/environment/V5.0/ProjectCloset/app/controllers/admins_controller.rb": [
        1,
        1,
        2,
        null,
        null,
        1,
        0,
        null,
        null,
        1,
        2,
        2,
        1,
        1,
        1,
        null,
        1,
        null,
        null,
        null,
        1,
        1,
        null,
        1,
        1,
        1,
        1,
        1,
        null,
        0,
        null,
        null,
        null,
        1,
        0,
        null,
        null,
        1,
        1,
        3,
        null,
        null,
        null
      ],
      "/home/ec2-user/environment/V5.0/ProjectCloset/app/models/admin.rb": [
        1,
        1,
        1,
        1,
        null,
        1,
        null,
        1,
        null,
        null,
        1,
        1,
        null,
        1,
        1,
        4,
        null,
        4,
        null,
        null,
        1,
        4,
        null,
        null,
        1,
        4,
        4,
        null,
        null,
        1,
        0,
        0,
        null,
        null,
        1,
        1,
        null,
        null,
        null
      ],
      "/home/ec2-user/environment/V5.0/ProjectCloset/app/models/application_record.rb": [
        1,
        1,
        null
      ],
      "/home/ec2-user/environment/V5.0/ProjectCloset/app/controllers/suits_controller.rb": [
        1,
        1,
        null,
        null,
        null,
        null,
        null,
        1,
        13,
        13,
        null,
        null,
        null,
        null,
        null,
        null,
        1,
        3,
        null,
        null,
        null,
        null,
        1,
        3,
        null,
        null,
        null,
        null,
        1,
        1,
        null,
        null,
        null,
        1,
        3,
        3,
        2,
        2,
        null,
        1,
        null,
        null,
        1,
        1,
        1,
        1,
        1,
        null,
        0,
        null,
        null,
        null,
        null,
        1,
        2,
        2,
        2,
        1,
        1,
        1,
        1,
        1,
        1,
        null,
        null,
        null,
        1,
        null,
        null,
        null,
        null,
        1,
        4,
        null,
        null,
        null,
        null,
        null,
        null,
        null,
        null,
        null,
        null,
        null,
        null
      ],
      "/home/ec2-user/environment/V5.0/ProjectCloset/app/models/suit.rb": [
        1,
        1,
        1,
        1,
        null,
        1,
        1,
        null,
        null,
        1,
        1,
        1,
        1,
        1,
        null,
        null,
        null,
        null,
        null,
        null
      ],
      "/home/ec2-user/environment/V5.0/ProjectCloset/app/controllers/session_controller.rb": [
        1,
        1,
        null,
        null,
        1,
        5,
        null,
        5,
        3,
        2,
        2,
        2,
        null,
        1,
        1,
        null,
        null,
        2,
        2,
        null,
        null,
        null,
        1,
        1,
        1,
        null,
        null,
        null
      ],
      "/home/ec2-user/environment/V5.0/ProjectCloset/app/models/user.rb": [
        1,
        1,
        1,
        1,
        1,
        1,
        1,
        null,
        null,
        1,
        1,
        1,
        1,
        1,
        null,
        null,
        1,
        1,
        1,
        1,
        1,
        null,
        1,
        2,
        null,
        2,
        null,
        null,
        1,
        2,
        null,
        null,
        1,
        0,
        0,
        null,
        null,
        1,
        2,
        2,
        2,
        null,
        null,
        1,
        11,
        null,
        null,
        1,
        3,
        null,
        null,
        1,
        1,
        1,
        1,
        null,
        null,
        1,
        2,
        2,
        2,
        null,
        null,
        1,
        2,
        null,
        null,
        1,
        2,
        null,
        null,
        null,
        1,
        null,
        1,
        46,
        46,
        null,
        null,
        null,
        1,
        57,
        null,
        null,
        null,
        null
      ],
      "/home/ec2-user/environment/V5.0/ProjectCloset/app/controllers/password_resets_controller.rb": [
        1,
        1,
        1,
        1,
        null,
        1,
        null,
        null,
        1,
        3,
        3,
        2,
        2,
        2,
        2,
        null,
        1,
        1,
        null,
        null,
        null,
        1,
        null,
        null,
        1,
        1,
        0,
        0,
        1,
        1,
        1,
        1,
        null,
        0,
        null,
        null,
        null,
        null,
        1,
        null,
        1,
        1,
        null,
        null,
        null,
        1,
        2,
        null,
        null,
        1,
        2,
        0,
        null,
        null,
        null,
        1,
        2,
        0,
        0,
        null,
        null,
        null
      ],
      "/home/ec2-user/environment/V5.0/ProjectCloset/app/mailers/user_mailer.rb": [
        1,
        1,
        null,
        1,
        1,
        1,
        null,
        null,
        1,
        2,
        2,
        2,
        2,
        null,
        null,
        1,
        0,
        0,
        0,
        0,
        null,
        null,
        1,
        0,
        0,
        0,
        0,
        null,
        null,
        1,
        0,
        0,
        0,
        null,
        null,
        1,
        0,
        0,
        0,
        null,
        null,
        1,
        0,
        0,
        null,
        null,
        1,
        2,
        2,
        null,
        null,
        null
      ],
      "/home/ec2-user/environment/V5.0/ProjectCloset/app/mailers/application_mailer.rb": [
        1,
        1,
        1,
        null
      ],
      "/home/ec2-user/environment/V5.0/ProjectCloset/app/controllers/users_controller.rb": [
        1,
        1,
        null,
        1,
        1,
        1,
        null,
        1,
        2,
        null,
        null,
        1,
        1,
        1,
        null,
        null,
        1,
        0,
        null,
        null,
        1,
        2,
        2,
        1,
        1,
        null,
        1,
        null,
        1,
        1,
        null,
        null,
        null,
        1,
        1,
        1,
        1,
        1,
        1,
        null,
        0,
        0,
        null,
        null,
        null,
        null,
        1,
        0,
        0,
        0,
        0,
        0,
        null,
        0,
        null,
        null,
        null,
        1,
        1,
        null,
        null,
        1,
        0,
        0,
        0,
        0,
        0,
        null,
        0,
        null,
        0,
        null,
        null,
        null,
        null,
        null,
        1,
        1,
        2,
        null,
        null,
        1,
        0,
        0,
        0,
        null,
        null,
        null,
        1,
        0,
        0,
        0,
        null,
        null,
        null,
        1,
        1,
        null,
        null
      ],
      "/home/ec2-user/environment/V5.0/ProjectCloset/app/controllers/appointments_controller.rb": [
        1,
        1,
        1,
        1,
        null,
        null,
        null,
        1,
        3,
        1,
        1,
        null,
        2,
        2,
        null,
        null,
        null,
        null,
        null,
        1,
        null,
        null,
        null,
        1,
        1,
        null,
        null,
        null,
        1,
        null,
        null,
        null,
        null,
        1,
        1,
        1,
        null,
        1,
        1,
        0,
        0,
        0,
        0,
        0,
        null,
        0,
        0,
        null,
        null,
        2,
        1,
        null,
        null,
        null,
        null,
        null,
        null,
        1,
        0,
        0,
        0,
        0,
        0,
        0,
        null,
        0,
        0,
        null,
        null,
        null,
        null,
        null,
        null,
        1,
        0,
        0,
        0,
        0,
        null,
        0,
        0,
        0,
        0,
        null,
        null,
        null,
        1,
        null,
        1,
        0,
        0,
        null,
        null,
        null,
        null,
        1,
        1,
        null,
        null,
        1,
        0,
        0,
        0,
        null,
        null,
        null,
        1,
        6,
        1,
        1,
        null,
        null,
        null
      ],
      "/home/ec2-user/environment/V5.0/ProjectCloset/app/models/appointment.rb": [
        1,
        1,
        1,
        1,
        null
      ],
      "/home/ec2-user/environment/V5.0/ProjectCloset/app/models/history.rb": [
        1,
        1,
        1,
        null
      ],
      "/home/ec2-user/environment/V5.0/ProjectCloset/app/models/renter.rb": [
        1,
        1,
        1,
        1,
        null,
        null,
        1,
        1,
        null,
        null,
        null
      ],
      "/home/ec2-user/environment/V5.0/ProjectCloset/app/controllers/histories_controller.rb": [
        1,
        1,
        1,
        null,
        null,
        null,
        1,
        1,
        1,
        1,
        null,
        0,
        0,
        null,
        null,
        null,
        null,
        null,
        1,
        0,
        0,
        0,
        null,
        null,
        null,
        1,
        1,
        null,
        null,
        null,
        1,
        null,
        null,
        null,
        null,
        1,
        0,
        null,
        0,
        0,
        0,
        0,
        null,
        0,
        0,
        null,
        null,
        null,
        null,
        null,
        null,
        1,
        0,
        0,
        0,
        0,
        null,
        0,
        0,
        null,
        null,
        null,
        null,
        null,
        null,
        1,
        0,
        0,
        0,
        0,
        null,
        null,
        null,
        1,
        null,
        1,
        0,
        null,
        null,
        null,
        1,
        0,
        null,
        null
      ],
      "/home/ec2-user/environment/V5.0/ProjectCloset/app/controllers/renters_controller.rb": [
        1,
        1,
        null,
        1,
        1,
        null,
        1,
        10,
        10,
        null,
        null,
        1,
        2,
        2,
        2,
        null,
        null,
        1,
        null,
        null,
        null,
        7,
        null,
        null,
        1,
        0,
        null,
        null,
        1,
        4,
        4,
        4,
        1,
        1,
        1,
        null,
        3,
        1,
        1,
        1,
        null,
        null,
        null,
        2,
        2,
        2,
        2,
        2,
        2,
        2,
        2,
        2,
        2,
        2,
        null,
        0,
        null,
        null,
        0,
        0,
        null,
        null,
        null,
        null,
        1,
        2,
        2,
        2,
        2,
        2,
        2,
        null,
        null,
        1,
        0,
        0,
        0,
        0,
        0,
        null,
        0,
        null,
        null,
        null,
        1,
        0,
        0,
        0,
        0,
        null,
        null,
        1,
        0,
        0,
        0,
        0,
        0,
        0,
        null,
        0,
        0,
        0,
        0,
        0,
        0,
        0,
        0,
        null,
        0,
        0,
        null,
        null,
        null,
        1,
        0,
        0,
        0,
        null,
        null,
        1,
        0,
        0,
        0,
        0,
        0,
        0,
        0,
        null,
        null,
        1,
        1,
        10,
        null,
        null
      ],
      "/home/ec2-user/environment/V5.0/ProjectCloset/app/jobs/application_job.rb": [
        0,
        0
      ],
      "/home/ec2-user/environment/V5.0/ProjectCloset/app/channels/application_cable/connection.rb": [
        0,
        0,
        0,
        0
      ],
      "/home/ec2-user/environment/V5.0/ProjectCloset/app/channels/application_cable/channel.rb": [
        0,
        0,
        0,
        0
      ]
    },
    "timestamp": 1524255900
  },
  "RSpec": {
    "coverage": {
      "/home/ec2-user/environment/ProjectCloset/app/helpers/admins_helper.rb": [
        1,
        null,
        null
      ],
      "/home/ec2-user/environment/ProjectCloset/app/helpers/adminsession_helper.rb": [
        1,
        null,
        1,
        0,
        null,
        null,
        1,
        0,
        0,
        0,
        0,
        0,
        0,
        0,
        null,
        null,
        null,
        null,
        null,
        1,
        0,
        null,
        null,
        1,
        0,
        0,
        0,
        null,
        null,
        1,
        0,
        0,
        0,
        null,
        null,
        1,
        0,
        0,
        0,
        null,
        null,
        1,
        0,
        null,
        null
      ],
      "/home/ec2-user/environment/ProjectCloset/app/helpers/application_helper.rb": [
        1,
        null
      ],
      "/home/ec2-user/environment/ProjectCloset/app/helpers/appointments_helper.rb": [
        1,
        1,
        0,
        null,
        null,
        1,
        0,
        0,
        0,
        0,
        null,
        null,
        1,
        0,
        0,
        null,
        null,
        null,
        1,
        0,
        0,
        0,
        0,
        null,
        null
      ],
      "/home/ec2-user/environment/ProjectCloset/app/helpers/renters_helper.rb": [
        1,
        null,
        1,
        0,
        null,
        null,
        1,
        0,
        0,
        0,
        0,
        0,
        0,
        null,
        null,
        1,
        0,
        0,
        null,
        null,
        null,
        1,
        0,
        0,
        0,
        0,
        0,
        0,
        null,
        null
      ],
      "/home/ec2-user/environment/ProjectCloset/app/helpers/session_helper.rb": [
        1,
        null,
        1,
        0,
        null,
        null,
        null,
        1,
        0,
        0,
        0,
        0,
        0,
        0,
        0,
        null,
        null,
        null,
        null,
        1,
        0,
        null,
        null,
        1,
        0,
        0,
        0,
        null,
        null,
        1,
        0,
        0,
        0,
        null,
        null,
        1,
        0,
        0,
        0,
        null,
        null,
        1,
        0,
        null,
        null
      ],
      "/home/ec2-user/environment/ProjectCloset/app/helpers/static_pages_helper.rb": [
        1,
        null
      ],
      "/home/ec2-user/environment/ProjectCloset/app/helpers/suits_helper.rb": [
        1,
        null,
        1,
        0,
        null,
        null,
        1,
        0,
        0,
        0,
        0,
        0,
        0,
        null,
        null,
        1,
        0,
        0,
        null,
        null,
        null,
        1,
        0,
        0,
        0,
        0,
        0,
        0,
        null,
        0,
        null,
        0,
        0,
        null,
        null,
        null
      ],
      "/home/ec2-user/environment/ProjectCloset/app/helpers/users_helper.rb": [
        1,
        1,
        0,
        null,
        null,
        1,
        0,
        null,
        null,
        1,
        0,
        0,
        0,
        0,
        0,
        null,
        null,
        1,
        0,
        0,
        null,
        null,
        null,
        1,
        0,
        null,
        0,
        0,
        null,
        0,
        null,
        null,
        0,
        null,
        0,
        null,
        null
      ],
      "/home/ec2-user/environment/ProjectCloset/app/controllers/admins_controller.rb": [
        1,
        1,
        1,
        null,
        null,
        1,
        0,
        null,
        null,
        1,
        0,
        0,
        0,
        0,
        0,
        null,
        0,
        null,
        null,
        null,
        1,
        0,
        null,
        1,
        0,
        0,
        0,
        0,
        null,
        0,
        null,
        null,
        null,
        1,
        0,
        null,
        null,
        1,
        1,
        0,
        null,
        null,
        null
      ],
      "/home/ec2-user/environment/ProjectCloset/app/controllers/application_controller.rb": [
        1,
        1,
        1,
        1,
        null,
        null,
        null
      ],
      "/home/ec2-user/environment/ProjectCloset/app/controllers/adminsession_controller.rb": [
        1,
        1,
        null,
        null,
        1,
        2,
        null,
        0,
        0,
        0,
        0,
        null,
        0,
        0,
        null,
        null,
        null,
        1,
        0,
        0,
        null,
        null,
        null
      ],
      "/home/ec2-user/environment/ProjectCloset/app/controllers/renters_controller.rb": [
        1,
        1,
        null,
        1,
        1,
        null,
        1,
        1,
        1,
        null,
        null,
        1,
        1,
        0,
        null,
        null,
        1,
        null,
        null,
        null,
        1,
        null,
        null,
        1,
        0,
        null,
        null,
        1,
        1,
        0,
        0,
        0,
        0,
        0,
        null,
        0,
        0,
        0,
        0,
        null,
        null,
        null,
        0,
        0,
        0,
        0,
        0,
        0,
        0,
        0,
        0,
        null,
        0,
        null,
        null,
        0,
        0,
        null,
        null,
        null,
        1,
        0,
        0,
        0,
        0,
        null,
        0,
        null,
        null,
        null,
        1,
        0,
        0,
        0,
        0,
        0,
        0,
        0,
        null,
        0,
        0,
        null,
        null,
        null,
        1,
        1,
        null,
        null
      ],
      "/home/ec2-user/environment/ProjectCloset/app/controllers/session_controller.rb": [
        1,
        1,
        null,
        null,
        1,
        0,
        null,
        0,
        0,
        0,
        0,
        null,
        0,
        0,
        null,
        null,
        null,
        1,
        0,
        0,
        null,
        null,
        null
      ],
      "/home/ec2-user/environment/ProjectCloset/app/controllers/suits_controller.rb": [
        1,
        1,
        null,
        null,
        null,
        null,
        null,
        1,
        1,
        1,
        null,
        null,
        null,
        null,
        null,
        null,
        1,
        0,
        null,
        null,
        null,
        null,
        1,
        2,
        null,
        null,
        null,
        null,
        1,
        0,
        null,
        null,
        null,
        1,
        0,
        0,
        0,
        0,
        null,
        0,
        null,
        null,
        1,
        0,
        0,
        0,
        0,
        null,
        0,
        null,
        null,
        null,
        null,
        1,
        0,
        0,
        0,
        0,
        0,
        0,
        0,
        0,
        0,
        null,
        null,
        null,
        1,
        null,
        null,
        null,
        null,
        1,
        0,
        null,
        null,
        null,
        null,
        null,
        null,
        null,
        null,
        null,
        null,
        null,
        null
      ],
      "/home/ec2-user/environment/ProjectCloset/app/controllers/users_controller.rb": [
        1,
        1,
        null,
        1,
        2,
        null,
        null,
        1,
        1,
        1,
        null,
        null,
        1,
        0,
        null,
        null,
        1,
        0,
        0,
        0,
        0,
        0,
        null,
        0,
        null,
        null,
        null,
        1,
        0,
        0,
        0,
        0,
        0,
        null,
        0,
        null,
        null,
        null,
        1,
        0,
        null,
        null,
        1,
        1,
        0,
        null,
        null,
        null
      ],
      "/home/ec2-user/environment/ProjectCloset/app/models/admin.rb": [
        1,
        1,
        1,
        1,
        null,
        1,
        null,
        1,
        null,
        null,
        1,
        1,
        null,
        1,
        1,
        0,
        null,
        0,
        null,
        null,
        1,
        0,
        null,
        null,
        1,
        0,
        0,
        null,
        null,
        1,
        0,
        0,
        null,
        null,
        1,
        0,
        null,
        null,
        null
      ],
      "/home/ec2-user/environment/ProjectCloset/app/models/application_record.rb": [
        1,
        1,
        null
      ],
      "/home/ec2-user/environment/ProjectCloset/app/models/appointment.rb": [
        1,
        1,
        1,
        1,
        null
      ],
      "/home/ec2-user/environment/ProjectCloset/app/models/renter.rb": [
        1,
        1,
        1,
        1,
        null,
        null,
        1,
        1,
        null,
        null,
        null
      ],
      "/home/ec2-user/environment/ProjectCloset/app/models/suit.rb": [
        1,
        1,
        1,
        null,
        1,
        1,
        null,
        null,
        1,
        1,
        1,
        1,
        1,
        null,
        null,
        null,
        null,
        null,
        null
      ],
      "/home/ec2-user/environment/ProjectCloset/app/models/user.rb": [
        1,
        1,
        1,
        1,
        null,
        null,
        1,
        1,
        1,
        1,
        1,
        null,
        null,
        1,
        1,
        1,
        1,
        1,
        1,
        null,
        1,
        null,
        1,
        0,
        null,
        0,
        null,
        null,
        1,
        0,
        null,
        null,
        1,
        0,
        0,
        null,
        null,
        1,
        0,
        0,
        null,
        null,
        1,
        0,
        null,
        null,
        1,
        0,
        null,
        null
      ],
      "/home/ec2-user/environment/ProjectCloset/app/mailers/application_mailer.rb": [
        0,
        0,
        0,
        0
      ],
      "/home/ec2-user/environment/ProjectCloset/app/jobs/application_job.rb": [
        0,
        0
      ],
      "/home/ec2-user/environment/ProjectCloset/app/channels/application_cable/connection.rb": [
        0,
        0,
        0,
        0
      ],
      "/home/ec2-user/environment/ProjectCloset/app/channels/application_cable/channel.rb": [
        0,
        0,
        0,
        0
      ],
      "/home/ec2-user/environment/ProjectCloset/app/controllers/appointments_controller.rb": [
        0,
        0,
        0,
        0,
        null,
        null,
        null,
        0,
        0,
        0,
        0,
        0,
        0,
        0,
        null,
        0,
        0,
        null,
        null,
        null,
        0,
        0,
        null,
        null,
        0,
        0,
        0,
        null,
        null,
        0,
        0,
        null,
        null,
        null,
        0,
        0,
        0,
        null,
        0,
        0,
        0,
        0,
        0,
        0,
        0,
        0,
        0,
        0,
        null,
        null,
        null,
        0,
        0,
        0,
        0,
        0,
        0,
        0,
        0,
        0,
        0,
        0,
        null,
        null,
        null,
        0,
        0,
        0,
        0,
        0,
        0,
        0,
        null,
        0,
        null,
        0,
        0,
        0,
        null,
        null,
        0,
        0,
        0,
        null,
        0,
        0,
        0,
        0,
        0,
        0,
        null,
        0,
        0,
        0,
        0,
        0,
        0,
        0
      ],
      "/home/ec2-user/environment/ProjectCloset/app/controllers/static_pages_controller.rb": [
        0,
        0,
        0,
        null,
        0,
        0,
        0
      ]
    },
    "timestamp": 1523566250
  }
}
